<?xml version="1.0" encoding="UTF-8"?>
<!-- Generated by org.testng.reporters.JUnitReportReporter -->
<testsuite hostname="LAPTOP-MB7DGVQG" failures="0" tests="1" name="GitDemo.Test.NewTest" time="8.375" errors="0" timestamp="2024-12-01T23:09:04 IST" skipped="0">
  <testcase classname="GitDemo.Test.NewTest" name="f" time="8.375"/>
</testsuite> <!-- GitDemo.Test.NewTest -->
