<?xml version="1.0" encoding="UTF-8"?>
<!-- Generated by org.testng.reporters.JUnitReportReporter -->
<testsuite hostname="LAPTOP-MB7DGVQG" failures="0" tests="1" name="GitDemo.Test.NewTest" time="7.096" errors="0" timestamp="2024-12-09T10:38:26 IST" skipped="0">
  <testcase classname="GitDemo.Test.NewTest" name="f" time="7.096"/>
</testsuite> <!-- GitDemo.Test.NewTest -->
