<?xml version="1.0" encoding="UTF-8"?>
<!-- Generated by org.testng.reporters.JUnitReportReporter -->
<testsuite hostname="LAPTOP-MB7DGVQG" failures="0" tests="1" name="GitDemo.Test.NewTest" time="3.995" errors="0" timestamp="2024-12-09T10:45:59 IST" skipped="0">
  <testcase classname="GitDemo.Test.NewTest" name="f" time="3.995"/>
</testsuite> <!-- GitDemo.Test.NewTest -->
